#
# There is insufficient memory for the Java Runtime Environment to continue.
# Native memory allocation (malloc) failed to allocate 897440 bytes. Error detail: Chunk::new
# Possible reasons:
#   The system is out of physical RAM or swap space
#   This process is running with CompressedOops enabled, and the Java Heap may be blocking the growth of the native heap
# Possible solutions:
#   Reduce memory load on the system
#   Increase physical memory or swap space
#   Check if swap backing store is full
#   Decrease Java heap size (-Xmx/-Xms)
#   Decrease number of Java threads
#   Decrease Java thread stack sizes (-Xss)
#   Set larger code cache with -XX:ReservedCodeCacheSize=
#   JVM is running with Unscaled Compressed Oops mode in which the Java heap is
#     placed in the first 4GB address space. The Java Heap base address is the
#     maximum limit for the native heap growth. Please use -XX:HeapBaseMinAddress
#     to set the Java Heap base and to place the Java Heap above 4GB virtual address.
# This output file may be truncated or incomplete.
#
#  Out of Memory Error (arena.cpp:168), pid=23576, tid=21752
#
# JRE version: OpenJDK Runtime Environment Microsoft-13106404 (21.0.10+7) (build 21.0.10+7-LTS)
# Java VM: OpenJDK 64-Bit Server VM Microsoft-13106404 (21.0.10+7-LTS, mixed mode, sharing, tiered, compressed oops, compressed class ptrs, g1 gc, windows-amd64)
# No core dump will be written. Minidumps are not enabled by default on client versions of Windows
#

---------------  S U M M A R Y ------------

Command Line: -javaagent:C:\Users\ELCOT\AppData\Local\JetBrains\IntelliJIdea2025.3\captureAgent\debugger-agent.jar=file:///C:/Users/ELCOT/AppData/Local/Temp/capture7416768147116014922.props -ea -Didea.test.cyclic.buffer.size=1048576 -javaagent:C:\Program Files\JetBrains\IntelliJ IDEA 2025.3.1\lib\idea_rt.jar=57781 -Dkotlinx.coroutines.debug.enable.creation.stack.trace=false -Ddebugger.agent.enable.coroutines=true -Dkotlinx.coroutines.debug.enable.flows.stack.trace=true -Dkotlinx.coroutines.debug.enable.mutable.state.flows.stack.trace=true -Ddebugger.async.stack.trace.for.all.threads=true -Dfile.encoding=UTF-8 -Dsun.stdout.encoding=UTF-8 -Dsun.stderr.encoding=UTF-8 com.intellij.rt.junit.JUnitStarter -ideVersion5 -junit5 com.supplychain.performance.PerformanceTest

Host: AMD Ryzen 3 7320U with Radeon Graphics         , 8 cores, 7G,  Windows 11 , 64 bit Build 26100 (10.0.26100.7623)
Time: Mon Feb  9 01:57:38 2026 India Standard Time elapsed time: 21.487373 seconds (0d 0h 0m 21s)

---------------  T H R E A D  ---------------

Current thread (0x000001d9e223b520):  JavaThread "C2 CompilerThread0" daemon [_thread_in_native, id=21752, stack(0x0000002ea3700000,0x0000002ea3800000) (1024K)]


Current CompileTask:
C2:21487 5038       4       org.springframework.core.annotation.TypeMappedAnnotations$MergedAnnotationFinder::doWithAnnotations (10 bytes)

Stack: [0x0000002ea3700000,0x0000002ea3800000]
Native frames: (J=compiled Java code, j=interpreted, Vv=VM code, C=native code)
V  [jvm.dll+0x6dfe69]  (no source info available)
V  [jvm.dll+0x8bfe4b]  (no source info available)
V  [jvm.dll+0x8c23da]  (no source info available)
V  [jvm.dll+0x8c2ab3]  (no source info available)
V  [jvm.dll+0x28a9e6]  (no source info available)
V  [jvm.dll+0xc903d]  (no source info available)
V  [jvm.dll+0xc958c]  (no source info available)
V  [jvm.dll+0x3c840c]  (no source info available)
V  [jvm.dll+0x1ea5c6]  (no source info available)
V  [jvm.dll+0x2527c3]  (no source info available)
V  [jvm.dll+0x251c93]  (no source info available)
V  [jvm.dll+0x1d1adf]  (no source info available)
V  [jvm.dll+0x26195a]  (no source info available)
V  [jvm.dll+0x25fcc5]  (no source info available)
V  [jvm.dll+0x402155]  (no source info available)
V  [jvm.dll+0x86ab8d]  (no source info available)
V  [jvm.dll+0x6e141d]  (no source info available)
C  [ucrtbase.dll+0x37b0]  (no source info available)
C  [KERNEL32.DLL+0x2e8d7]  (no source info available)
C  [ntdll.dll+0x8c53c]  (no source info available)


---------------  P R O C E S S  ---------------

Threads class SMR info:
_java_thread_list=0x000001d9ea3ae4a0, length=18, elements={
0x000001d9c5972490, 0x000001d9e221d4c0, 0x000001d9e221eb90, 0x000001d9e22269b0,
0x000001d9e2227770, 0x000001d9e22298b0, 0x000001d9e222c490, 0x000001d9e223b520,
0x000001d9e223cfe0, 0x000001d9e2500cd0, 0x000001d9e24b36b0, 0x000001d9e263ef40,
0x000001d9e263fc60, 0x000001d9e8d069c0, 0x000001d9e8d07050, 0x000001d9e2370a80,
0x000001d9e731c120, 0x000001d9e731f5a0
}

Java Threads: ( => current thread )
  0x000001d9c5972490 JavaThread "main"                              [_thread_in_vm, id=27820, stack(0x0000002ea2900000,0x0000002ea2a00000) (1024K)]
  0x000001d9e221d4c0 JavaThread "Reference Handler"          daemon [_thread_blocked, id=25724, stack(0x0000002ea3100000,0x0000002ea3200000) (1024K)]
  0x000001d9e221eb90 JavaThread "Finalizer"                  daemon [_thread_blocked, id=28544, stack(0x0000002ea3200000,0x0000002ea3300000) (1024K)]
  0x000001d9e22269b0 JavaThread "Signal Dispatcher"          daemon [_thread_blocked, id=20556, stack(0x0000002ea3300000,0x0000002ea3400000) (1024K)]
  0x000001d9e2227770 JavaThread "Attach Listener"            daemon [_thread_blocked, id=2564, stack(0x0000002ea3400000,0x0000002ea3500000) (1024K)]
  0x000001d9e22298b0 JavaThread "Service Thread"             daemon [_thread_blocked, id=21684, stack(0x0000002ea3500000,0x0000002ea3600000) (1024K)]
  0x000001d9e222c490 JavaThread "Monitor Deflation Thread"   daemon [_thread_blocked, id=7148, stack(0x0000002ea3600000,0x0000002ea3700000) (1024K)]
=>0x000001d9e223b520 JavaThread "C2 CompilerThread0"         daemon [_thread_in_native, id=21752, stack(0x0000002ea3700000,0x0000002ea3800000) (1024K)]
  0x000001d9e223cfe0 JavaThread "C1 CompilerThread0"         daemon [_thread_blocked, id=11708, stack(0x0000002ea3800000,0x0000002ea3900000) (1024K)]
  0x000001d9e2500cd0 JavaThread "Common-Cleaner"             daemon [_thread_blocked, id=28308, stack(0x0000002ea3900000,0x0000002ea3a00000) (1024K)]
  0x000001d9e24b36b0 JavaThread "IntelliJ Suspend Helper"    daemon [_thread_blocked, id=22156, stack(0x0000002ea3a00000,0x0000002ea3b00000) (1024K)]
  0x000001d9e263ef40 JavaThread "Monitor Ctrl-Break"         daemon [_thread_in_native, id=24696, stack(0x0000002ea3b00000,0x0000002ea3c00000) (1024K)]
  0x000001d9e263fc60 JavaThread "Notification Thread"        daemon [_thread_blocked, id=28468, stack(0x0000002ea3c00000,0x0000002ea3d00000) (1024K)]
  0x000001d9e8d069c0 JavaThread "PostgreSQL-JDBC-Cleaner"    daemon [_thread_blocked, id=30440, stack(0x0000002ea4700000,0x0000002ea4800000) (1024K)]
  0x000001d9e8d07050 JavaThread "HikariPool-1 housekeeper"   daemon [_thread_blocked, id=29764, stack(0x0000002ea4800000,0x0000002ea4900000) (1024K)]
  0x000001d9e2370a80 JavaThread "C2 CompilerThread1"         daemon [_thread_in_native, id=5876, stack(0x0000002ea4400000,0x0000002ea4500000) (1024K)]
  0x000001d9e731c120 JavaThread "RxSchedulerPurge-1"         daemon [_thread_blocked, id=20956, stack(0x0000002ea4a00000,0x0000002ea4b00000) (1024K)]
  0x000001d9e731f5a0 JavaThread "RxCachedWorkerPoolEvictor-1" daemon [_thread_blocked, id=30120, stack(0x0000002ea4b00000,0x0000002ea4c00000) (1024K)]
Total: 18

Other Threads:
  0x000001d9e2201120 VMThread "VM Thread"                           [id=2072, stack(0x0000002ea3000000,0x0000002ea3100000) (1024K)]
  0x000001d9e21f2cf0 WatcherThread "VM Periodic Task Thread"        [id=30644, stack(0x0000002ea2f00000,0x0000002ea3000000) (1024K)]
  0x000001d9c59c51f0 WorkerThread "GC Thread#0"                     [id=28408, stack(0x0000002ea2a00000,0x0000002ea2b00000) (1024K)]
  0x000001d9e7249bd0 WorkerThread "GC Thread#1"                     [id=14448, stack(0x0000002ea3d00000,0x0000002ea3e00000) (1024K)]
  0x000001d9e7852d90 WorkerThread "GC Thread#2"                     [id=8476, stack(0x0000002ea3e00000,0x0000002ea3f00000) (1024K)]
  0x000001d9e747a6d0 WorkerThread "GC Thread#3"                     [id=25804, stack(0x0000002ea3f00000,0x0000002ea4000000) (1024K)]
  0x000001d9e747ae80 WorkerThread "GC Thread#4"                     [id=4132, stack(0x0000002ea4000000,0x0000002ea4100000) (1024K)]
  0x000001d9e747b230 WorkerThread "GC Thread#5"                     [id=29852, stack(0x0000002ea4100000,0x0000002ea4200000) (1024K)]
  0x000001d9e7c26c00 WorkerThread "GC Thread#6"                     [id=24116, stack(0x0000002ea4200000,0x0000002ea4300000) (1024K)]
  0x000001d9e7c26fb0 WorkerThread "GC Thread#7"                     [id=23464, stack(0x0000002ea4300000,0x0000002ea4400000) (1024K)]
  0x000001d9c59f1b80 ConcurrentGCThread "G1 Main Marker"            [id=10528, stack(0x0000002ea2b00000,0x0000002ea2c00000) (1024K)]
  0x000001d9c59f2d40 WorkerThread "G1 Conc#0"                       [id=27736, stack(0x0000002ea2c00000,0x0000002ea2d00000) (1024K)]
  0x000001d9e7f7d490 WorkerThread "G1 Conc#1"                       [id=30620, stack(0x0000002ea4600000,0x0000002ea4700000) (1024K)]
  0x000001d9e20bf500 ConcurrentGCThread "G1 Refine#0"               [id=25240, stack(0x0000002ea2d00000,0x0000002ea2e00000) (1024K)]
  0x000001d9e20c0d40 ConcurrentGCThread "G1 Service"                [id=22080, stack(0x0000002ea2e00000,0x0000002ea2f00000) (1024K)]
Total: 15

Threads with active compile tasks:
C2 CompilerThread0  22534 5038       4       org.springframework.core.annotation.TypeMappedAnnotations$MergedAnnotationFinder::doWithAnnotations (10 bytes)
C2 CompilerThread1  22534 5039       4       org.springframework.core.annotation.AnnotationsScanner::getDeclaredAnnotations (166 bytes)
Total: 2

VM state: not at safepoint (normal execution)

VM Mutex/Monitor currently owned by a thread:  ([mutex/lock_event])
[0x00007ffe7af59820] Metaspace_lock - owner thread: 0x000001d9c5972490

Heap address: 0x000000008ca00000, size: 1846 MB, Compressed Oops mode: 32-bit

CDS archive(s) mapped at: [0x000001d980000000-0x000001d980c80000-0x000001d980c80000), size 13107200, SharedBaseAddress: 0x000001d980000000, ArchiveRelocationMode: 1.
Compressed class space mapped at: 0x000001d981000000-0x000001d9c1000000, reserved size: 1073741824
Narrow klass base: 0x000001d980000000, Narrow klass shift: 0, Narrow klass range: 0x100000000

GC Precious Log:
 CardTable entry size: 512
 Card Set container configuration: InlinePtr #cards 5 size 8 Array Of Cards #cards 12 size 40 Howl #buckets 4 coarsen threshold 1843 Howl Bitmap #cards 512 size 80 coarsen threshold 460 Card regions per heap region 1 cards per card region 2048
 CPUs: 8 total, 8 available
 Memory: 7379M
 Large Page Support: Disabled
 NUMA Support: Disabled
 Compressed Oops: Enabled (32-bit)
 Heap Region Size: 1M
 Heap Min Capacity: 8M
 Heap Initial Capacity: 116M
 Heap Max Capacity: 1846M
 Pre-touch: Disabled
 Parallel Workers: 8
 Concurrent Workers: 2
 Concurrent Refinement Workers: 8
 Periodic GC: Disabled

Heap:
 garbage-first heap   total 58368K, used 49376K [0x000000008ca00000, 0x0000000100000000)
  region size 1024K, 26 young (26624K), 3 survivors (3072K)
 Metaspace       used 64547K, committed 65088K, reserved 1114112K
  class space    used 8533K, committed 8768K, reserved 1048576K

Heap Regions: E=young(eden), S=young(survivor), O=old, HS=humongous(starts), HC=humongous(continues), CS=collection set, F=free, TAMS=top-at-mark-start, PB=parsable bottom
|   0|0x000000008ca00000, 0x000000008cb00000, 0x000000008cb00000|100%|HS|  |TAMS 0x000000008ca00000| PB 0x000000008ca00000| Complete 
|   1|0x000000008cb00000, 0x000000008cc00000, 0x000000008cc00000|100%| O|  |TAMS 0x000000008cb00000| PB 0x000000008cb00000| Untracked 
|   2|0x000000008cc00000, 0x000000008cd00000, 0x000000008cd00000|100%|HS|  |TAMS 0x000000008cc00000| PB 0x000000008cc00000| Complete 
|   3|0x000000008cd00000, 0x000000008ce00000, 0x000000008ce00000|100%| O|  |TAMS 0x000000008cd00000| PB 0x000000008cd00000| Untracked 
|   4|0x000000008ce00000, 0x000000008cf00000, 0x000000008cf00000|100%| O|  |TAMS 0x000000008ce00000| PB 0x000000008ce00000| Untracked 
|   5|0x000000008cf00000, 0x000000008d000000, 0x000000008d000000|100%| O|  |TAMS 0x000000008cf00000| PB 0x000000008cf00000| Untracked 
|   6|0x000000008d000000, 0x000000008d100000, 0x000000008d100000|100%| O|  |TAMS 0x000000008d000000| PB 0x000000008d000000| Untracked 
|   7|0x000000008d100000, 0x000000008d200000, 0x000000008d200000|100%| O|  |TAMS 0x000000008d100000| PB 0x000000008d100000| Untracked 
|   8|0x000000008d200000, 0x000000008d300000, 0x000000008d300000|100%| O|  |TAMS 0x000000008d200000| PB 0x000000008d200000| Untracked 
|   9|0x000000008d300000, 0x000000008d400000, 0x000000008d400000|100%| O|  |TAMS 0x000000008d300000| PB 0x000000008d300000| Untracked 
|  10|0x000000008d400000, 0x000000008d500000, 0x000000008d500000|100%| O|  |TAMS 0x000000008d400000| PB 0x000000008d400000| Untracked 
|  11|0x000000008d500000, 0x000000008d600000, 0x000000008d600000|100%| O|  |TAMS 0x000000008d500000| PB 0x000000008d500000| Untracked 
|  12|0x000000008d600000, 0x000000008d700000, 0x000000008d700000|100%| O|  |TAMS 0x000000008d600000| PB 0x000000008d600000| Untracked 
|  13|0x000000008d700000, 0x000000008d800000, 0x000000008d800000|100%| O|  |TAMS 0x000000008d700000| PB 0x000000008d700000| Untracked 
|  14|0x000000008d800000, 0x000000008d900000, 0x000000008d900000|100%| O|  |TAMS 0x000000008d800000| PB 0x000000008d800000| Untracked 
|  15|0x000000008d900000, 0x000000008da00000, 0x000000008da00000|100%| O|  |TAMS 0x000000008d900000| PB 0x000000008d900000| Untracked 
|  16|0x000000008da00000, 0x000000008db00000, 0x000000008db00000|100%| O|  |TAMS 0x000000008da00000| PB 0x000000008da00000| Untracked 
|  17|0x000000008db00000, 0x000000008dc00000, 0x000000008dc00000|100%| O|Cm|TAMS 0x000000008db00000| PB 0x000000008db00000| Complete 
|  18|0x000000008dc00000, 0x000000008dd00000, 0x000000008dd00000|100%| O|  |TAMS 0x000000008dc00000| PB 0x000000008dc00000| Untracked 
|  19|0x000000008dd00000, 0x000000008de00000, 0x000000008de00000|100%| O|  |TAMS 0x000000008dd00000| PB 0x000000008dd00000| Untracked 
|  20|0x000000008de00000, 0x000000008df00000, 0x000000008df00000|100%| O|  |TAMS 0x000000008de00000| PB 0x000000008de00000| Untracked 
|  21|0x000000008df00000, 0x000000008e000000, 0x000000008e000000|100%| O|  |TAMS 0x000000008df00000| PB 0x000000008df00000| Untracked 
|  22|0x000000008e000000, 0x000000008e0c9260, 0x000000008e100000| 78%| O|  |TAMS 0x000000008e000000| PB 0x000000008e000000| Untracked 
|  23|0x000000008e100000, 0x000000008e200000, 0x000000008e200000|100%|HS|  |TAMS 0x000000008e100000| PB 0x000000008e100000| Complete 
|  24|0x000000008e200000, 0x000000008e300000, 0x000000008e300000|100%|HS|  |TAMS 0x000000008e200000| PB 0x000000008e200000| Complete 
|  25|0x000000008e300000, 0x000000008e300000, 0x000000008e400000|  0%| F|  |TAMS 0x000000008e300000| PB 0x000000008e300000| Untracked 
|  26|0x000000008e400000, 0x000000008e400000, 0x000000008e500000|  0%| F|  |TAMS 0x000000008e400000| PB 0x000000008e400000| Untracked 
|  27|0x000000008e500000, 0x000000008e500000, 0x000000008e600000|  0%| F|  |TAMS 0x000000008e500000| PB 0x000000008e500000| Untracked 
|  28|0x000000008e600000, 0x000000008e600000, 0x000000008e700000|  0%| F|  |TAMS 0x000000008e600000| PB 0x000000008e600000| Untracked 
|  29|0x000000008e700000, 0x000000008e700000, 0x000000008e800000|  0%| F|  |TAMS 0x000000008e700000| PB 0x000000008e700000| Untracked 
|  30|0x000000008e800000, 0x000000008e800000, 0x000000008e900000|  0%| F|  |TAMS 0x000000008e800000| PB 0x000000008e800000| Untracked 
|  31|0x000000008e900000, 0x000000008e9f7310, 0x000000008ea00000| 96%| E|  |TAMS 0x000000008e900000| PB 0x000000008e900000| Complete 
|  32|0x000000008ea00000, 0x000000008eb00000, 0x000000008eb00000|100%| E|CS|TAMS 0x000000008ea00000| PB 0x000000008ea00000| Complete 
|  33|0x000000008eb00000, 0x000000008ec00000, 0x000000008ec00000|100%| E|CS|TAMS 0x000000008eb00000| PB 0x000000008eb00000| Complete 
|  34|0x000000008ec00000, 0x000000008ed00000, 0x000000008ed00000|100%| E|CS|TAMS 0x000000008ec00000| PB 0x000000008ec00000| Complete 
|  35|0x000000008ed00000, 0x000000008ee00000, 0x000000008ee00000|100%| E|CS|TAMS 0x000000008ed00000| PB 0x000000008ed00000| Complete 
|  36|0x000000008ee00000, 0x000000008ef00000, 0x000000008ef00000|100%| E|  |TAMS 0x000000008ee00000| PB 0x000000008ee00000| Complete 
|  37|0x000000008ef00000, 0x000000008f000000, 0x000000008f000000|100%| E|CS|TAMS 0x000000008ef00000| PB 0x000000008ef00000| Complete 
|  38|0x000000008f000000, 0x000000008f100000, 0x000000008f100000|100%| E|CS|TAMS 0x000000008f000000| PB 0x000000008f000000| Complete 
|  39|0x000000008f100000, 0x000000008f200000, 0x000000008f200000|100%| E|CS|TAMS 0x000000008f100000| PB 0x000000008f100000| Complete 
|  40|0x000000008f200000, 0x000000008f300000, 0x000000008f300000|100%| E|CS|TAMS 0x000000008f200000| PB 0x000000008f200000| Complete 
|  41|0x000000008f300000, 0x000000008f400000, 0x000000008f400000|100%| E|CS|TAMS 0x000000008f300000| PB 0x000000008f300000| Complete 
|  42|0x000000008f400000, 0x000000008f500000, 0x000000008f500000|100%| E|CS|TAMS 0x000000008f400000| PB 0x000000008f400000| Complete 
|  43|0x000000008f500000, 0x000000008f600000, 0x000000008f600000|100%| E|CS|TAMS 0x000000008f500000| PB 0x000000008f500000| Complete 
|  44|0x000000008f600000, 0x000000008f700000, 0x000000008f700000|100%| E|CS|TAMS 0x000000008f600000| PB 0x000000008f600000| Complete 
|  45|0x000000008f700000, 0x000000008f800000, 0x000000008f800000|100%| E|CS|TAMS 0x000000008f700000| PB 0x000000008f700000| Complete 
|  46|0x000000008f800000, 0x000000008f900000, 0x000000008f900000|100%| E|CS|TAMS 0x000000008f800000| PB 0x000000008f800000| Complete 
|  47|0x000000008f900000, 0x000000008fa00000, 0x000000008fa00000|100%| E|CS|TAMS 0x000000008f900000| PB 0x000000008f900000| Complete 
|  48|0x000000008fa00000, 0x000000008fb00000, 0x000000008fb00000|100%| E|CS|TAMS 0x000000008fa00000| PB 0x000000008fa00000| Complete 
|  49|0x000000008fb00000, 0x000000008fc00000, 0x000000008fc00000|100%| E|CS|TAMS 0x000000008fb00000| PB 0x000000008fb00000| Complete 
|  50|0x000000008fc00000, 0x000000008fd00000, 0x000000008fd00000|100%| E|CS|TAMS 0x000000008fc00000| PB 0x000000008fc00000| Complete 
|  74|0x0000000091400000, 0x0000000091500000, 0x0000000091500000|100%| E|CS|TAMS 0x0000000091400000| PB 0x0000000091400000| Complete 
|  75|0x0000000091500000, 0x000000009156edf0, 0x0000000091600000| 43%| S|CS|TAMS 0x0000000091500000| PB 0x0000000091500000| Complete 
|  76|0x0000000091600000, 0x0000000091700000, 0x0000000091700000|100%| S|CS|TAMS 0x0000000091600000| PB 0x0000000091600000| Complete 
|  77|0x0000000091700000, 0x0000000091800000, 0x0000000091800000|100%| S|CS|TAMS 0x0000000091700000| PB 0x0000000091700000| Complete 
|  78|0x0000000091800000, 0x0000000091900000, 0x0000000091900000|100%| E|CS|TAMS 0x0000000091800000| PB 0x0000000091800000| Complete 
| 115|0x0000000093d00000, 0x0000000093e00000, 0x0000000093e00000|100%| E|CS|TAMS 0x0000000093d00000| PB 0x0000000093d00000| Complete 

Card table byte_map: [0x000001d9dd750000,0x000001d9ddaf0000] _byte_map_base: 0x000001d9dd2eb000

Marking Bits: (CMBitMap*) 0x000001d9c59c5710
 Bits: [0x000001d9ddaf0000, 0x000001d9df7c8000)

Polling page: 0x000001d9c3990000

Metaspace:

Usage:
  Non-class:     54.70 MB used.
      Class:      8.33 MB used.
       Both:     63.03 MB used.

Virtual space:
  Non-class space:       64.00 MB reserved,      55.00 MB ( 86%) committed,  1 nodes.
      Class space:        1.00 GB reserved,       8.56 MB ( <1%) committed,  1 nodes.
             Both:        1.06 GB reserved,      63.56 MB (  6%) committed. 

Chunk freelists:
   Non-Class:  8.98 MB
       Class:  7.45 MB
        Both:  16.44 MB

MaxMetaspaceSize: unlimited
CompressedClassSpaceSize: 1.00 GB
Initial GC threshold: 21.00 MB
Current GC threshold: 98.06 MB
CDS: on
 - commit_granule_bytes: 65536.
 - commit_granule_words: 8192.
 - virtual_space_node_default_size: 8388608.
 - enlarge_chunks_in_place: 1.
 - use_allocation_guard: 0.


Internal statistics:

num_allocs_failed_limit: 11.
num_arena_births: 724.
num_arena_deaths: 0.
num_vsnodes_births: 2.
num_vsnodes_deaths: 0.
num_space_committed: 1017.
num_space_uncommitted: 0.
num_chunks_returned_to_freelist: 11.
num_chunks_taken_from_freelist: 2828.
num_chunk_merges: 11.
num_chunk_splits: 2024.
num_chunks_enlarged: 1595.
num_inconsistent_stats: 0.

CodeHeap 'non-profiled nmethods': size=120000Kb used=2751Kb max_used=2822Kb free=117248Kb
 bounds [0x000001d9d5b50000, 0x000001d9d5e20000, 0x000001d9dd080000]
CodeHeap 'profiled nmethods': size=120000Kb used=8604Kb max_used=8917Kb free=111395Kb
 bounds [0x000001d9ce080000, 0x000001d9ce940000, 0x000001d9d55b0000]
CodeHeap 'non-nmethods': size=5760Kb used=1543Kb max_used=1570Kb free=4216Kb
 bounds [0x000001d9d55b0000, 0x000001d9d5820000, 0x000001d9d5b50000]
CodeCache: size=245760Kb, used=12898Kb, max_used=13309Kb, free=232859Kb
 total_blobs=5161, nmethods=4472, adapters=591, full_count=0
Compilation: enabled, stopped_count=0, restarted_count=0

Compilation events (20 events):
Event: 17.446 Thread 0x000001d9e223cfe0 5079       3       org.springframework.web.context.support.ServletContextPropertySource::getPropertyNames (16 bytes)
Event: 17.447 Thread 0x000001d9e223cfe0 nmethod 5079 0x000001d9ce525290 code [0x000001d9ce525500, 0x000001d9ce526130]
Event: 17.447 Thread 0x000001d9e223cfe0 5080       3       java.lang.reflect.Method::setMethodAccessor (20 bytes)
Event: 17.448 Thread 0x000001d9e223cfe0 nmethod 5080 0x000001d9ce603690 code [0x000001d9ce603860, 0x000001d9ce603b20]
Event: 17.449 Thread 0x000001d9e223cfe0 5081       3       org.springframework.core.convert.TypeDescriptor$AnnotatedElementAdapter::isEmpty (14 bytes)
Event: 17.450 Thread 0x000001d9e223cfe0 nmethod 5081 0x000001d9ce524e90 code [0x000001d9ce525040, 0x000001d9ce5251a8]
Event: 17.450 Thread 0x000001d9e223cfe0 5082       3       org.springframework.core.convert.TypeDescriptor::getAnnotations (8 bytes)
Event: 17.450 Thread 0x000001d9e223cfe0 nmethod 5082 0x000001d9ce0f8610 code [0x000001d9ce0f87e0, 0x000001d9ce0f8c28]
Event: 17.450 Thread 0x000001d9e223cfe0 5084       3       org.springframework.beans.factory.config.DependencyDescriptor::getDependencyType (50 bytes)
Event: 17.450 Thread 0x000001d9e223cfe0 nmethod 5084 0x000001d9ce0f7b10 code [0x000001d9ce0f7d40, 0x000001d9ce0f83d8]
Event: 17.450 Thread 0x000001d9e223cfe0 5083       1       org.springframework.aop.framework.autoproxy.AbstractAdvisorAutoProxyCreator::isEligibleAdvisorBean (2 bytes)
Event: 17.450 Thread 0x000001d9e223cfe0 nmethod 5083 0x000001d9d5c02b90 code [0x000001d9d5c02d20, 0x000001d9d5c02de8]
Event: 17.451 Thread 0x000001d9e223cfe0 5086       3       java.lang.invoke.InvokerBytecodeGenerator::<init> (129 bytes)
Event: 17.452 Thread 0x000001d9e223cfe0 nmethod 5086 0x000001d9ce55bf10 code [0x000001d9ce55c200, 0x000001d9ce55d1c8]
Event: 17.453 Thread 0x000001d9e223cfe0 5087       3       org.springframework.core.BridgeMethodResolver$$Lambda/0x000001d9814bb558::matches (9 bytes)
Event: 17.453 Thread 0x000001d9e223cfe0 nmethod 5087 0x000001d9ce5b6810 code [0x000001d9ce5b69c0, 0x000001d9ce5b6b60]
Event: 17.836 Thread 0x000001d9e223cfe0 5088       3       com.intellij.rt.debugger.agent.SuspendHelper::access$000 (4 bytes)
Event: 17.836 Thread 0x000001d9e223cfe0 nmethod 5088 0x000001d9ce0f7510 code [0x000001d9ce0f76c0, 0x000001d9ce0f7838]
Event: 17.836 Thread 0x000001d9e223cfe0 5089       3       com.intellij.rt.debugger.agent.SuspendHelper::suspendHelperLoopBody (7 bytes)
Event: 17.836 Thread 0x000001d9e223cfe0 nmethod 5089 0x000001d9ce4b5710 code [0x000001d9ce4b58c0, 0x000001d9ce4b59e0]

GC Heap History (20 events):
Event: 4.029 GC heap before
{Heap before GC invocations=4 (full 0):
 garbage-first heap   total 48128K, used 36568K [0x000000008ca00000, 0x0000000100000000)
  region size 1024K, 28 young (28672K), 5 survivors (5120K)
 Metaspace       used 24811K, committed 25088K, reserved 1114112K
  class space    used 3128K, committed 3264K, reserved 1048576K
}
Event: 4.036 GC heap after
{Heap after GC invocations=5 (full 0):
 garbage-first heap   total 48128K, used 14709K [0x000000008ca00000, 0x0000000100000000)
  region size 1024K, 4 young (4096K), 4 survivors (4096K)
 Metaspace       used 24811K, committed 25088K, reserved 1114112K
  class space    used 3128K, committed 3264K, reserved 1048576K
}
Event: 4.380 GC heap before
{Heap before GC invocations=5 (full 0):
 garbage-first heap   total 48128K, used 35189K [0x000000008ca00000, 0x0000000100000000)
  region size 1024K, 25 young (25600K), 4 survivors (4096K)
 Metaspace       used 28493K, committed 28800K, reserved 1114112K
  class space    used 3531K, committed 3648K, reserved 1048576K
}
Event: 4.387 GC heap after
{Heap after GC invocations=6 (full 0):
 garbage-first heap   total 48128K, used 16481K [0x000000008ca00000, 0x0000000100000000)
  region size 1024K, 4 young (4096K), 4 survivors (4096K)
 Metaspace       used 28493K, committed 28800K, reserved 1114112K
  class space    used 3531K, committed 3648K, reserved 1048576K
}
Event: 4.996 GC heap before
{Heap before GC invocations=6 (full 0):
 garbage-first heap   total 48128K, used 36961K [0x000000008ca00000, 0x0000000100000000)
  region size 1024K, 25 young (25600K), 4 survivors (4096K)
 Metaspace       used 31761K, committed 32128K, reserved 1114112K
  class space    used 3966K, committed 4160K, reserved 1048576K
}
Event: 5.004 GC heap after
{Heap after GC invocations=7 (full 0):
 garbage-first heap   total 48128K, used 18176K [0x000000008ca00000, 0x0000000100000000)
  region size 1024K, 4 young (4096K), 4 survivors (4096K)
 Metaspace       used 31761K, committed 32128K, reserved 1114112K
  class space    used 3966K, committed 4160K, reserved 1048576K
}
Event: 5.995 GC heap before
{Heap before GC invocations=7 (full 0):
 garbage-first heap   total 48128K, used 39680K [0x000000008ca00000, 0x0000000100000000)
  region size 1024K, 25 young (25600K), 4 survivors (4096K)
 Metaspace       used 34958K, committed 35392K, reserved 1114112K
  class space    used 4427K, committed 4608K, reserved 1048576K
}
Event: 6.007 GC heap after
{Heap after GC invocations=8 (full 0):
 garbage-first heap   total 58368K, used 19948K [0x000000008ca00000, 0x0000000100000000)
  region size 1024K, 4 young (4096K), 4 survivors (4096K)
 Metaspace       used 34958K, committed 35392K, reserved 1114112K
  class space    used 4427K, committed 4608K, reserved 1048576K
}
Event: 6.144 GC heap before
{Heap before GC invocations=8 (full 0):
 garbage-first heap   total 58368K, used 23020K [0x000000008ca00000, 0x0000000100000000)
  region size 1024K, 8 young (8192K), 4 survivors (4096K)
 Metaspace       used 35521K, committed 35968K, reserved 1114112K
  class space    used 4536K, committed 4736K, reserved 1048576K
}
Event: 6.152 GC heap after
{Heap after GC invocations=9 (full 0):
 garbage-first heap   total 58368K, used 20595K [0x000000008ca00000, 0x0000000100000000)
  region size 1024K, 3 young (3072K), 3 survivors (3072K)
 Metaspace       used 35521K, committed 35968K, reserved 1114112K
  class space    used 4536K, committed 4736K, reserved 1048576K
}
Event: 7.280 GC heap before
{Heap before GC invocations=10 (full 0):
 garbage-first heap   total 58368K, used 48243K [0x000000008ca00000, 0x0000000100000000)
  region size 1024K, 31 young (31744K), 3 survivors (3072K)
 Metaspace       used 40967K, committed 41472K, reserved 1114112K
  class space    used 5323K, committed 5568K, reserved 1048576K
}
Event: 7.289 GC heap after
{Heap after GC invocations=11 (full 0):
 garbage-first heap   total 58368K, used 21980K [0x000000008ca00000, 0x0000000100000000)
  region size 1024K, 4 young (4096K), 4 survivors (4096K)
 Metaspace       used 40967K, committed 41472K, reserved 1114112K
  class space    used 5323K, committed 5568K, reserved 1048576K
}
Event: 8.454 GC heap before
{Heap before GC invocations=11 (full 0):
 garbage-first heap   total 58368K, used 48604K [0x000000008ca00000, 0x0000000100000000)
  region size 1024K, 31 young (31744K), 4 survivors (4096K)
 Metaspace       used 47537K, committed 48064K, reserved 1114112K
  class space    used 6242K, committed 6464K, reserved 1048576K
}
Event: 8.465 GC heap after
{Heap after GC invocations=12 (full 0):
 garbage-first heap   total 58368K, used 23227K [0x000000008ca00000, 0x0000000100000000)
  region size 1024K, 4 young (4096K), 4 survivors (4096K)
 Metaspace       used 47537K, committed 48064K, reserved 1114112K
  class space    used 6242K, committed 6464K, reserved 1048576K
}
Event: 12.574 GC heap before
{Heap before GC invocations=12 (full 0):
 garbage-first heap   total 58368K, used 48827K [0x000000008ca00000, 0x0000000100000000)
  region size 1024K, 30 young (30720K), 4 survivors (4096K)
 Metaspace       used 53239K, committed 53760K, reserved 1114112K
  class space    used 7068K, committed 7296K, reserved 1048576K
}
Event: 12.584 GC heap after
{Heap after GC invocations=13 (full 0):
 garbage-first heap   total 58368K, used 24673K [0x000000008ca00000, 0x0000000100000000)
  region size 1024K, 3 young (3072K), 3 survivors (3072K)
 Metaspace       used 53239K, committed 53760K, reserved 1114112K
  class space    used 7068K, committed 7296K, reserved 1048576K
}
Event: 16.640 GC heap before
{Heap before GC invocations=13 (full 0):
 garbage-first heap   total 58368K, used 50273K [0x000000008ca00000, 0x0000000100000000)
  region size 1024K, 29 young (29696K), 3 survivors (3072K)
 Metaspace       used 59238K, committed 59776K, reserved 1114112K
  class space    used 8046K, committed 8256K, reserved 1048576K
}
Event: 16.650 GC heap after
{Heap after GC invocations=14 (full 0):
 garbage-first heap   total 58368K, used 25659K [0x000000008ca00000, 0x0000000100000000)
  region size 1024K, 3 young (3072K), 3 survivors (3072K)
 Metaspace       used 59238K, committed 59776K, reserved 1114112K
  class space    used 8046K, committed 8256K, reserved 1048576K
}
Event: 16.715 GC heap before
{Heap before GC invocations=14 (full 0):
 garbage-first heap   total 58368K, used 26683K [0x000000008ca00000, 0x0000000100000000)
  region size 1024K, 5 young (5120K), 3 survivors (3072K)
 Metaspace       used 59556K, committed 60096K, reserved 1114112K
  class space    used 8081K, committed 8320K, reserved 1048576K
}
Event: 16.721 GC heap after
{Heap after GC invocations=15 (full 0):
 garbage-first heap   total 58368K, used 25824K [0x000000008ca00000, 0x0000000100000000)
  region size 1024K, 3 young (3072K), 3 survivors (3072K)
 Metaspace       used 59556K, committed 60096K, reserved 1114112K
  class space    used 8081K, committed 8320K, reserved 1048576K
}

Dll operation events (13 events):
Event: 0.030 Loaded shared library C:\Users\ELCOT\.jdks\ms-21.0.10\bin\java.dll
Event: 0.033 Loaded shared library C:\Users\ELCOT\.jdks\ms-21.0.10\bin\zip.dll
Event: 0.086 Loaded shared library C:\Users\ELCOT\.jdks\ms-21.0.10\bin\jsvml.dll
Event: 0.413 Loaded shared library C:\Users\ELCOT\.jdks\ms-21.0.10\bin\instrument.dll
Event: 0.527 Loaded shared library C:\Users\ELCOT\.jdks\ms-21.0.10\bin\net.dll
Event: 0.532 Loaded shared library C:\Users\ELCOT\.jdks\ms-21.0.10\bin\nio.dll
Event: 0.562 Loaded shared library C:\Users\ELCOT\.jdks\ms-21.0.10\bin\zip.dll
Event: 0.618 Loaded shared library C:\Users\ELCOT\.jdks\ms-21.0.10\bin\extnet.dll
Event: 0.962 Loaded shared library C:\Users\ELCOT\.jdks\ms-21.0.10\bin\jimage.dll
Event: 1.101 Loaded shared library C:\Users\ELCOT\.jdks\ms-21.0.10\bin\verify.dll
Event: 4.615 Loaded shared library C:\Users\ELCOT\.jdks\ms-21.0.10\bin\sunmscapi.dll
Event: 7.653 Loaded shared library C:\Users\ELCOT\.jdks\ms-21.0.10\bin\management.dll
Event: 7.658 Loaded shared library C:\Users\ELCOT\.jdks\ms-21.0.10\bin\management_ext.dll

Deoptimization events (20 events):
Event: 17.317 Thread 0x000001d9c5972490 DEOPT PACKING pc=0x000001d9d5ba11e8 sp=0x0000002ea29fb500
Event: 17.317 Thread 0x000001d9c5972490 DEOPT UNPACKING pc=0x000001d9d5604422 sp=0x0000002ea29fb3b8 mode 2
Event: 17.324 Thread 0x000001d9c5972490 Uncommon trap: trap_request=0xffffffd6 fr.pc=0x000001d9d5be0a9c relative=0x0000000000000d1c
Event: 17.324 Thread 0x000001d9c5972490 Uncommon trap: reason=array_check action=maybe_recompile pc=0x000001d9d5be0a9c method=org.springframework.boot.context.properties.source.ConfigurationPropertyName.getElement(ILorg/springframework/boot/context/properties/source/ConfigurationPropertyName$Fo
Event: 17.324 Thread 0x000001d9c5972490 DEOPT PACKING pc=0x000001d9d5be0a9c sp=0x0000002ea29f9df0
Event: 17.324 Thread 0x000001d9c5972490 DEOPT UNPACKING pc=0x000001d9d5604422 sp=0x0000002ea29f9dc8 mode 2
Event: 17.380 Thread 0x000001d9c5972490 DEOPT PACKING pc=0x000001d9ce67a406 sp=0x0000002ea29fa620
Event: 17.380 Thread 0x000001d9c5972490 DEOPT UNPACKING pc=0x000001d9d5604bc2 sp=0x0000002ea29f9b08 mode 0
Event: 17.380 Thread 0x000001d9c5972490 DEOPT PACKING pc=0x000001d9ce540458 sp=0x0000002ea29fa700
Event: 17.380 Thread 0x000001d9c5972490 DEOPT UNPACKING pc=0x000001d9d5604bc2 sp=0x0000002ea29f9bb8 mode 0
Event: 17.381 Thread 0x000001d9c5972490 DEOPT PACKING pc=0x000001d9ce67a406 sp=0x0000002ea29fa630
Event: 17.381 Thread 0x000001d9c5972490 DEOPT UNPACKING pc=0x000001d9d5604bc2 sp=0x0000002ea29f9b18 mode 0
Event: 17.382 Thread 0x000001d9c5972490 DEOPT PACKING pc=0x000001d9ce67a406 sp=0x0000002ea29fa630
Event: 17.382 Thread 0x000001d9c5972490 DEOPT UNPACKING pc=0x000001d9d5604bc2 sp=0x0000002ea29f9b18 mode 0
Event: 17.383 Thread 0x000001d9c5972490 DEOPT PACKING pc=0x000001d9ce67a406 sp=0x0000002ea29fa630
Event: 17.383 Thread 0x000001d9c5972490 DEOPT UNPACKING pc=0x000001d9d5604bc2 sp=0x0000002ea29f9b18 mode 0
Event: 17.448 Thread 0x000001d9c5972490 Uncommon trap: trap_request=0xffffffde fr.pc=0x000001d9d5c1e064 relative=0x0000000000000184
Event: 17.448 Thread 0x000001d9c5972490 Uncommon trap: reason=class_check action=maybe_recompile pc=0x000001d9d5c1e064 method=org.springframework.boot.context.properties.source.ConfigurationPropertyName$Elements.charAt(II)C @ 43 c2
Event: 17.448 Thread 0x000001d9c5972490 DEOPT PACKING pc=0x000001d9d5c1e064 sp=0x0000002ea29f9420
Event: 17.448 Thread 0x000001d9c5972490 DEOPT UNPACKING pc=0x000001d9d5604422 sp=0x0000002ea29f9398 mode 2

Classes loaded (20 events):
Event: 17.438 Loading class org/springframework/boot/autoconfigure/web/ServerProperties$Undertow$Accesslog
Event: 17.438 Loading class org/springframework/boot/autoconfigure/web/ServerProperties$Undertow$Accesslog done
Event: 17.438 Loading class org/springframework/boot/autoconfigure/web/ServerProperties$Undertow$Threads
Event: 17.438 Loading class org/springframework/boot/autoconfigure/web/ServerProperties$Undertow$Threads done
Event: 17.439 Loading class org/springframework/boot/autoconfigure/web/ServerProperties$Undertow$Options
Event: 17.439 Loading class org/springframework/boot/autoconfigure/web/ServerProperties$Undertow$Options done
Event: 17.439 Loading class org/springframework/boot/context/properties/NestedConfigurationProperty
Event: 17.439 Loading class org/springframework/boot/context/properties/NestedConfigurationProperty done
Event: 17.440 Loading class org/springframework/boot/context/properties/bind/Nested
Event: 17.440 Loading class org/springframework/boot/context/properties/bind/Nested done
Event: 17.446 Loading class org/springframework/core/convert/support/StringToNumberConverterFactory$StringToNumber
Event: 17.446 Loading class org/springframework/core/convert/support/StringToNumberConverterFactory$StringToNumber done
Event: 17.456 Loading class org/springframework/boot/util/LambdaSafe
Event: 17.456 Loading class org/springframework/boot/util/LambdaSafe done
Event: 17.457 Loading class jdk/internal/classfile/ClassBuilder
Event: 17.458 Loading class jdk/internal/classfile/ClassfileBuilder
Event: 17.458 Loading class jdk/internal/classfile/ClassfileBuilder done
Event: 17.458 Loading class jdk/internal/classfile/ClassBuilder done
Event: 17.458 Loading class jdk/internal/classfile/ClassElement
Event: 17.458 Loading class jdk/internal/classfile/ClassfileElement

Classes unloaded (0 events):
No events

Classes redefined (1 events):
Event: 0.472 Thread 0x000001d9e2201120 redefined class name=java.lang.Throwable, count=1

Internal exceptions (20 events):
Event: 8.430 Thread 0x000001d9e8d03bd0 Implicit null exception at 0x000001d9d5da4828 to 0x000001d9d5da512c
Event: 8.530 Thread 0x000001d9e8d03bd0 Implicit null exception at 0x000001d9d5db1ca2 to 0x000001d9d5dbb5ec
Event: 8.946 Thread 0x000001d9c5972490 Exception <a 'java/lang/IncompatibleClassChangeError'{0x000000008f392ad8}: Found class java.lang.Object, but interface was expected> (0x000000008f392ad8) 
thrown [s\src\hotspot\share\interpreter\linkResolver.cpp, line 840]
Event: 8.986 Thread 0x000001d9c5972490 Exception <a 'java/lang/NoSuchMethodError'{0x000000008f298668}: 'java.lang.Object java.lang.invoke.DirectMethodHandle$Holder.invokeStatic(java.lang.Object, java.lang.Object, int, java.lang.Object)'> (0x000000008f298668) 
thrown [s\src\hotspot\share\interpreter\linkResolver.cpp, line 773]
Event: 8.986 Thread 0x000001d9c5972490 Exception <a 'java/lang/NoSuchMethodError'{0x000000008f29c408}: 'java.lang.Object java.lang.invoke.DirectMethodHandle$Holder.invokeStaticInit(java.lang.Object, java.lang.Object, int, java.lang.Object)'> (0x000000008f29c408) 
thrown [s\src\hotspot\share\interpreter\linkResolver.cpp, line 773]
Event: 15.293 Thread 0x000001d9c5972490 Exception <a 'java/lang/NoSuchMethodError'{0x000000008f12ba28}: 'void java.lang.invoke.DirectMethodHandle$Holder.invokeStatic(java.lang.Object, java.lang.Object, java.lang.Object, int, java.lang.Object)'> (0x000000008f12ba28) 
thrown [s\src\hotspot\share\interpreter\linkResolver.cpp, line 773]
Event: 15.295 Thread 0x000001d9c5972490 Exception <a 'java/lang/NoSuchMethodError'{0x000000008f139e48}: 'void java.lang.invoke.DirectMethodHandle$Holder.invokeInterface(java.lang.Object, java.lang.Object, int, java.lang.Object)'> (0x000000008f139e48) 
thrown [s\src\hotspot\share\interpreter\linkResolver.cpp, line 773]
Event: 15.301 Thread 0x000001d9c5972490 Exception <a 'java/lang/NoSuchMethodError'{0x000000008f166908}: 'java.lang.Object java.lang.invoke.DirectMethodHandle$Holder.newInvokeSpecial(java.lang.Object, java.lang.Object, int, java.lang.Object)'> (0x000000008f166908) 
thrown [s\src\hotspot\share\interpreter\linkResolver.cpp, line 773]
Event: 15.301 Thread 0x000001d9c5972490 Exception <a 'java/lang/NoSuchMethodError'{0x000000008f16aa90}: 'java.lang.Object java.lang.invoke.Invokers$Holder.linkToTargetMethod(java.lang.Object, int, java.lang.Object, java.lang.Object)'> (0x000000008f16aa90) 
thrown [s\src\hotspot\share\interpreter\linkResolver.cpp, line 773]
Event: 15.314 Thread 0x000001d9c5972490 Exception <a 'java/lang/NoSuchMethodError'{0x000000008f1df078}: 'void java.lang.invoke.DirectMethodHandle$Holder.invokeSpecial(java.lang.Object, java.lang.Object, java.lang.Object, java.lang.Object, java.lang.Object, java.lang.Object, java.lang.Object, java.lang.Object)'> (0x000000008f1df078) 
thrown [s\src\hotspot\share\interpreter\linkResolver.cpp, line 773]
Event: 15.368 Thread 0x000001d9c5972490 Exception <a 'java/lang/NoSuchMethodError'{0x000000008efece10}: 'int java.lang.invoke.DirectMethodHandle$Holder.invokeStatic(java.lang.Object, int, java.lang.Object)'> (0x000000008efece10) 
thrown [s\src\hotspot\share\interpreter\linkResolver.cpp, line 773]
Event: 16.393 Thread 0x000001d9c5972490 Exception <a 'java/lang/NoSuchMethodError'{0x000000008ee10dc0}: 'java.lang.Object java.lang.invoke.DirectMethodHandle$Holder.newInvokeSpecial(java.lang.Object, java.lang.Object, java.lang.Object, java.lang.Object, java.lang.Object, int, java.lang.Object)'> (0x000000008ee10dc0) 
thrown [s\src\hotspot\share\interpreter\linkResolver.cpp, line 773]
Event: 16.403 Thread 0x000001d9c5972490 Exception <a 'java/lang/NoSuchMethodError'{0x000000008ee49998}: 'java.lang.Object java.lang.invoke.DirectMethodHandle$Holder.newInvokeSpecial(java.lang.Object, java.lang.Object, java.lang.Object, java.lang.Object, java.lang.Object, java.lang.Object, java.lang.Object, java.lang.Object, java.lang.Object, java.lang.Object, java.lang.Object, java.lang.Object)'> (0x000000008ee49998) 
thrown [s\src\hotspot\share\interpreter\linkResolver.cpp, line 773]
Event: 16.403 Thread 0x000001d9c5972490 Exception <a 'java/lang/NoSuchMethodError'{0x000000008ee4ea58}: 'java.lang.Object java.lang.invoke.DirectMethodHandle$Holder.invokeSpecial(java.lang.Object, java.lang.Object, java.lang.Object, java.lang.Object, java.lang.Object, java.lang.Object, java.lang.Object, java.lang.Object, java.lang.Object, java.lang.Object, java.lang.Object, java.lang.Object, java.lang.Object)'> (0x000000008ee4ea58) 
thrown [s\src\hotspot\share\interpreter\linkResolver.cpp, line 773]
Event: 16.403 Thread 0x000001d9c5972490 Exception <a 'java/lang/NoSuchMethodError'{0x000000008ee53740}: 'java.lang.Object java.lang.invoke.Invokers$Holder.linkToTargetMethod(java.lang.Object, java.lang.Object, java.lang.Object, java.lang.Object, java.lang.Object, java.lang.Object, java.lang.Object, java.lang.Object, java.lang.Object, java.lang.Object, java.lang.Object, java.lang.Object)'> (0x000000008ee53740) 
thrown [s\src\hotspot\share\interpreter\linkResolver.cpp, line 773]
Event: 16.507 Thread 0x000001d9c5972490 Exception <a 'java/lang/NoSuchMethodError'{0x000000008eccd3a8}: 'java.lang.Object java.lang.invoke.DirectMethodHandle$Holder.newInvokeSpecial(java.lang.Object, java.lang.Object, java.lang.Object, java.lang.Object, java.lang.Object, java.lang.Object, java.lang.Object, int)'> (0x000000008eccd3a8) 
thrown [s\src\hotspot\share\interpreter\linkResolver.cpp, line 773]
Event: 16.508 Thread 0x000001d9c5972490 Exception <a 'java/lang/NoSuchMethodError'{0x000000008ecd2108}: 'java.lang.Object java.lang.invoke.DirectMethodHandle$Holder.invokeSpecial(java.lang.Object, java.lang.Object, java.lang.Object, java.lang.Object, java.lang.Object, java.lang.Object, java.lang.Object, java.lang.Object, int)'> (0x000000008ecd2108) 
thrown [s\src\hotspot\share\interpreter\linkResolver.cpp, line 773]
Event: 16.508 Thread 0x000001d9c5972490 Exception <a 'java/lang/NoSuchMethodError'{0x000000008ecd6930}: 'java.lang.Object java.lang.invoke.Invokers$Holder.linkToTargetMethod(java.lang.Object, java.lang.Object, java.lang.Object, java.lang.Object, java.lang.Object, java.lang.Object, int, java.lang.Object)'> (0x000000008ecd6930) 
thrown [s\src\hotspot\share\interpreter\linkResolver.cpp, line 773]
Event: 16.834 Thread 0x000001d9c5972490 Exception <a 'java/lang/NoSuchMethodError'{0x0000000093df5070}: 'void java.lang.invoke.Invokers$Holder.invokeExact_MT(java.lang.Object, java.lang.Object, java.lang.Object, java.lang.Object)'> (0x0000000093df5070) 
thrown [s\src\hotspot\share\interpreter\linkResolver.cpp, line 773]
Event: 17.450 Thread 0x000001d9c5972490 Exception <a 'java/lang/NoSuchMethodError'{0x000000008ead1868}: 'java.lang.Object java.lang.invoke.DirectMethodHandle$Holder.invokeVirtual(java.lang.Object, java.lang.Object, java.lang.Object, java.lang.Object, java.lang.Object, java.lang.Object)'> (0x000000008ead1868) 
thrown [s\src\hotspot\share\interpreter\linkResolver.cpp, line 773]

ZGC Phase Switch (0 events):
No events

VM Operations (20 events):
Event: 12.584 Executing safepoint VM operation: G1CollectForAllocation (G1 Evacuation Pause) done
Event: 13.584 Executing safepoint VM operation: Cleanup
Event: 13.896 Executing safepoint VM operation: Cleanup done
Event: 14.910 Executing safepoint VM operation: Cleanup
Event: 15.127 Executing safepoint VM operation: Cleanup done
Event: 16.142 Executing safepoint VM operation: Cleanup
Event: 16.391 Executing safepoint VM operation: Cleanup done
Event: 16.640 Executing safepoint VM operation: G1CollectForAllocation (G1 Evacuation Pause)
Event: 16.650 Executing safepoint VM operation: G1CollectForAllocation (G1 Evacuation Pause) done
Event: 16.715 Executing safepoint VM operation: CollectForMetadataAllocation (Metadata GC Threshold)
Event: 16.721 Executing safepoint VM operation: CollectForMetadataAllocation (Metadata GC Threshold) done
Event: 16.745 Executing safepoint VM operation: G1PauseRemark
Event: 16.754 Executing safepoint VM operation: G1PauseRemark done
Event: 16.764 Executing safepoint VM operation: G1PauseCleanup
Event: 16.764 Executing safepoint VM operation: G1PauseCleanup done
Event: 17.083 Executing non-safepoint VM operation: HandshakeAllThreads (Deoptimize)
Event: 17.083 Executing non-safepoint VM operation: HandshakeAllThreads (Deoptimize) done
Event: 17.284 Executing non-safepoint VM operation: HandshakeAllThreads (Deoptimize)
Event: 17.284 Executing non-safepoint VM operation: HandshakeAllThreads (Deoptimize) done
Event: 18.290 Executing safepoint VM operation: Cleanup

Memory protections (0 events):
No events

Nmethod flushes (20 events):
Event: 16.752 Thread 0x000001d9e2201120 flushing  nmethod 0x000001d9ce5edb10
Event: 16.752 Thread 0x000001d9e2201120 flushing  nmethod 0x000001d9ce5f6010
Event: 16.752 Thread 0x000001d9e2201120 flushing  nmethod 0x000001d9ce60e810
Event: 16.752 Thread 0x000001d9e2201120 flushing  nmethod 0x000001d9ce620890
Event: 16.752 Thread 0x000001d9e2201120 flushing  nmethod 0x000001d9ce64ec10
Event: 16.752 Thread 0x000001d9e2201120 flushing  nmethod 0x000001d9ce67fa90
Event: 16.752 Thread 0x000001d9e2201120 flushing  nmethod 0x000001d9ce69ba10
Event: 16.752 Thread 0x000001d9e2201120 flushing  nmethod 0x000001d9ce6ada90
Event: 16.752 Thread 0x000001d9e2201120 flushing  nmethod 0x000001d9ce6c4410
Event: 16.752 Thread 0x000001d9e2201120 flushing  nmethod 0x000001d9ce6c4810
Event: 16.752 Thread 0x000001d9e2201120 flushing  nmethod 0x000001d9ce6cee10
Event: 16.752 Thread 0x000001d9e2201120 flushing  nmethod 0x000001d9ce6cf290
Event: 16.752 Thread 0x000001d9e2201120 flushing  nmethod 0x000001d9ce6cfb90
Event: 16.752 Thread 0x000001d9e2201120 flushing  nmethod 0x000001d9ce6e7410
Event: 16.752 Thread 0x000001d9e2201120 flushing  nmethod 0x000001d9ce6ee890
Event: 16.752 Thread 0x000001d9e2201120 flushing  nmethod 0x000001d9ce6f0010
Event: 16.752 Thread 0x000001d9e2201120 flushing  nmethod 0x000001d9ce73a710
Event: 16.752 Thread 0x000001d9e2201120 flushing  nmethod 0x000001d9ce764710
Event: 16.752 Thread 0x000001d9e2201120 flushing  nmethod 0x000001d9ce774810
Event: 16.752 Thread 0x000001d9e2201120 flushing  nmethod 0x000001d9ce777190

Events (20 events):
Event: 0.083 Thread 0x000001d9c5972490 Thread added: 0x000001d9e223cfe0
Event: 0.430 Thread 0x000001d9c5972490 Thread added: 0x000001d9e2500cd0
Event: 0.476 Thread 0x000001d9c5972490 Thread added: 0x000001d9e24b36b0
Event: 0.588 Thread 0x000001d9c5972490 Thread added: 0x000001d9e263ef40
Event: 0.588 Thread 0x000001d9c5972490 Thread added: 0x000001d9e263fc60
Event: 1.791 Thread 0x000001d9e223cfe0 Thread added: 0x000001d9e7a0f9f0
Event: 2.287 Thread 0x000001d9e7a0f9f0 Thread exited: 0x000001d9e7a0f9f0
Event: 2.868 Thread 0x000001d9e223cfe0 Thread added: 0x000001d9e7fb67a0
Event: 3.342 Thread 0x000001d9c5972490 Thread added: 0x000001d9e7db84d0
Event: 3.885 Thread 0x000001d9c5972490 Thread added: 0x000001d9e7dbbfe0
Event: 3.940 Thread 0x000001d9e7dbbfe0 Thread exited: 0x000001d9e7dbbfe0
Event: 4.666 Thread 0x000001d9e7db84d0 Thread exited: 0x000001d9e7db84d0
Event: 7.993 Thread 0x000001d9c5972490 Thread added: 0x000001d9e8d069c0
Event: 8.026 Thread 0x000001d9c5972490 Thread added: 0x000001d9e8d07050
Event: 8.145 Thread 0x000001d9e8d07050 Thread added: 0x000001d9e8d03bd0
Event: 10.107 Thread 0x000001d9e7fb67a0 Thread exited: 0x000001d9e7fb67a0
Event: 16.851 Thread 0x000001d9e223cfe0 Thread added: 0x000001d9e2370a80
Event: 17.287 Thread 0x000001d9c5972490 Thread added: 0x000001d9e731c120
Event: 17.295 Thread 0x000001d9c5972490 Thread added: 0x000001d9e731f5a0
Event: 17.335 Thread 0x000001d9e8d03bd0 Thread exited: 0x000001d9e8d03bd0


Dynamic libraries:
0x00007ff7a58b0000 - 0x00007ff7a58be000 	C:\Users\ELCOT\.jdks\ms-21.0.10\bin\java.exe
0x00007fff15c60000 - 0x00007fff15ec7000 	C:\windows\SYSTEM32\ntdll.dll
0x00007fff145c0000 - 0x00007fff14689000 	C:\windows\System32\KERNEL32.DLL
0x00007fff13540000 - 0x00007fff1392f000 	C:\windows\System32\KERNELBASE.dll
0x00007fff12db0000 - 0x00007fff12efb000 	C:\windows\System32\ucrtbase.dll
0x00007fff03d70000 - 0x00007fff03d88000 	C:\Users\ELCOT\.jdks\ms-21.0.10\bin\jli.dll
0x00007fff0c630000 - 0x00007fff0c64e000 	C:\Users\ELCOT\.jdks\ms-21.0.10\bin\VCRUNTIME140.dll
0x00007fff13c00000 - 0x00007fff13dc5000 	C:\windows\System32\USER32.dll
0x00007fff131d0000 - 0x00007fff131f7000 	C:\windows\System32\win32u.dll
0x00007fff15480000 - 0x00007fff154ab000 	C:\windows\System32\GDI32.dll
0x00007ffefc880000 - 0x00007ffefcb13000 	C:\windows\WinSxS\amd64_microsoft.windows.common-controls_6595b64144ccf1df_6.0.26100.7309_none_3e05feeae336a044\COMCTL32.dll
0x00007fff13380000 - 0x00007fff134ac000 	C:\windows\System32\gdi32full.dll
0x00007fff15900000 - 0x00007fff159a9000 	C:\windows\System32\msvcrt.dll
0x00007fff12fb0000 - 0x00007fff13053000 	C:\windows\System32\msvcp_win.dll
0x00007fff144c0000 - 0x00007fff144f1000 	C:\windows\System32\IMM32.DLL
0x00007fff0dd40000 - 0x00007fff0dd4c000 	C:\Users\ELCOT\.jdks\ms-21.0.10\bin\vcruntime140_1.dll
0x00007ffed4dc0000 - 0x00007ffed4e49000 	C:\Users\ELCOT\.jdks\ms-21.0.10\bin\msvcp140.dll
0x00007ffe7a290000 - 0x00007ffe7b03d000 	C:\Users\ELCOT\.jdks\ms-21.0.10\bin\server\jvm.dll
0x00007fff15700000 - 0x00007fff157b4000 	C:\windows\System32\ADVAPI32.dll
0x00007fff15840000 - 0x00007fff158e6000 	C:\windows\System32\sechost.dll
0x00007fff143a0000 - 0x00007fff144b8000 	C:\windows\System32\RPCRT4.dll
0x00007fff14690000 - 0x00007fff14704000 	C:\windows\System32\WS2_32.dll
0x00007fff12c10000 - 0x00007fff12c6e000 	C:\windows\SYSTEM32\POWRPROF.dll
0x00007fff05770000 - 0x00007fff0577b000 	C:\windows\SYSTEM32\VERSION.dll
0x00007fff08cd0000 - 0x00007fff08d05000 	C:\windows\SYSTEM32\WINMM.dll
0x00007fff12bf0000 - 0x00007fff12c04000 	C:\windows\SYSTEM32\UMPDC.dll
0x00007fff11b60000 - 0x00007fff11b7b000 	C:\windows\SYSTEM32\kernel.appcore.dll
0x00007fff0dd00000 - 0x00007fff0dd0a000 	C:\Users\ELCOT\.jdks\ms-21.0.10\bin\jimage.dll
0x00007fff10590000 - 0x00007fff107d2000 	C:\windows\SYSTEM32\DBGHELP.DLL
0x00007fff15050000 - 0x00007fff153d6000 	C:\windows\System32\combase.dll
0x00007fff155b0000 - 0x00007fff15686000 	C:\windows\System32\OLEAUT32.dll
0x00007fff00500000 - 0x00007fff0053c000 	C:\windows\SYSTEM32\dbgcore.DLL
0x00007fff12f00000 - 0x00007fff12fa5000 	C:\windows\System32\bcryptPrimitives.dll
0x00007fff0dcc0000 - 0x00007fff0dcd0000 	C:\Users\ELCOT\.jdks\ms-21.0.10\bin\instrument.dll
0x00007ffee23c0000 - 0x00007ffee23e1000 	C:\Users\ELCOT\.jdks\ms-21.0.10\bin\java.dll
0x00007ffee23a0000 - 0x00007ffee23b8000 	C:\Users\ELCOT\.jdks\ms-21.0.10\bin\zip.dll
0x00007fff14710000 - 0x00007fff14e63000 	C:\windows\System32\SHELL32.dll
0x00007fff13060000 - 0x00007fff131ca000 	C:\windows\System32\wintypes.dll
0x00007fff109b0000 - 0x00007fff1120e000 	C:\windows\SYSTEM32\windows.storage.dll
0x00007fff159b0000 - 0x00007fff15aa5000 	C:\windows\System32\SHCORE.dll
0x00007fff15690000 - 0x00007fff156f6000 	C:\windows\System32\shlwapi.dll
0x00007fff12cd0000 - 0x00007fff12cf9000 	C:\windows\SYSTEM32\profapi.dll
0x00007ffed42a0000 - 0x00007ffed4376000 	C:\Users\ELCOT\.jdks\ms-21.0.10\bin\jsvml.dll
0x00007fff03d30000 - 0x00007fff03d41000 	C:\Users\ELCOT\.jdks\ms-21.0.10\bin\net.dll
0x00007fff088e0000 - 0x00007fff08a08000 	C:\windows\SYSTEM32\WINHTTP.dll
0x00007fff120d0000 - 0x00007fff1213b000 	C:\windows\system32\mswsock.dll
0x00007ffef6f10000 - 0x00007ffef6f26000 	C:\Users\ELCOT\.jdks\ms-21.0.10\bin\nio.dll
0x00007fff0dcd0000 - 0x00007fff0dcd9000 	C:\Users\ELCOT\.jdks\ms-21.0.10\bin\extnet.dll
0x00007fff02020000 - 0x00007fff02030000 	C:\Users\ELCOT\.jdks\ms-21.0.10\bin\verify.dll
0x00007ffefad20000 - 0x00007ffefad2e000 	C:\Users\ELCOT\.jdks\ms-21.0.10\bin\sunmscapi.dll
0x00007fff13200000 - 0x00007fff13377000 	C:\windows\System32\CRYPT32.dll
0x00007fff125b0000 - 0x00007fff125e0000 	C:\windows\SYSTEM32\ncrypt.dll
0x00007fff12560000 - 0x00007fff1259f000 	C:\windows\SYSTEM32\NTASN1.dll
0x00007fff123a0000 - 0x00007fff123bb000 	C:\windows\SYSTEM32\CRYPTSP.dll
0x00007fff11ac0000 - 0x00007fff11afa000 	C:\windows\system32\rsaenh.dll
0x00007fff12180000 - 0x00007fff121ab000 	C:\windows\SYSTEM32\USERENV.dll
0x00007fff12ca0000 - 0x00007fff12cca000 	C:\windows\SYSTEM32\bcrypt.dll
0x00007fff12390000 - 0x00007fff1239c000 	C:\windows\SYSTEM32\CRYPTBASE.dll
0x00007fff115a0000 - 0x00007fff115d4000 	C:\windows\SYSTEM32\IPHLPAPI.DLL
0x00007fff13dd0000 - 0x00007fff13dda000 	C:\windows\System32\NSI.dll
0x00007fff11640000 - 0x00007fff1176c000 	C:\windows\SYSTEM32\DNSAPI.dll
0x00007fff078a0000 - 0x00007fff078ab000 	C:\Windows\System32\rasadhlp.dll
0x00007fff0d140000 - 0x00007fff0d1c6000 	C:\windows\System32\fwpuclnt.dll
0x00007ffef8db0000 - 0x00007ffef8dba000 	C:\Users\ELCOT\.jdks\ms-21.0.10\bin\management.dll
0x00007ffef8da0000 - 0x00007ffef8dac000 	C:\Users\ELCOT\.jdks\ms-21.0.10\bin\management_ext.dll
0x00007fff15470000 - 0x00007fff15478000 	C:\windows\System32\PSAPI.DLL

JVMTI agents:
C:\Users\ELCOT\AppData\Local\JetBrains\IntelliJIdea2025.3\captureAgent\debugger-agent.jar path:C:\Users\ELCOT\.jdks\ms-21.0.10\bin\instrument.dll, loaded, initialized, instrumentlib options:file:///C:/Users/ELCOT/AppData/Local/Temp/capture7416768147116014922.props
C:\Program Files\JetBrains\IntelliJ IDEA 2025.3.1\lib\idea_rt.jar path:C:\Users\ELCOT\.jdks\ms-21.0.10\bin\instrument.dll, loaded, initialized, instrumentlib options:57781

dbghelp: loaded successfully - version: 4.0.5 - missing functions: none
symbol engine: initialized successfully - sym options: 0x614 - pdb path: .;C:\Users\ELCOT\.jdks\ms-21.0.10\bin;C:\windows\SYSTEM32;C:\windows\WinSxS\amd64_microsoft.windows.common-controls_6595b64144ccf1df_6.0.26100.7309_none_3e05feeae336a044;C:\Users\ELCOT\.jdks\ms-21.0.10\bin\server

VM Arguments:
jvm_args: -javaagent:C:\Users\ELCOT\AppData\Local\JetBrains\IntelliJIdea2025.3\captureAgent\debugger-agent.jar=file:///C:/Users/ELCOT/AppData/Local/Temp/capture7416768147116014922.props -ea -Didea.test.cyclic.buffer.size=1048576 -javaagent:C:\Program Files\JetBrains\IntelliJ IDEA 2025.3.1\lib\idea_rt.jar=57781 -Dkotlinx.coroutines.debug.enable.creation.stack.trace=false -Ddebugger.agent.enable.coroutines=true -Dkotlinx.coroutines.debug.enable.flows.stack.trace=true -Dkotlinx.coroutines.debug.enable.mutable.state.flows.stack.trace=true -Ddebugger.async.stack.trace.for.all.threads=true -Dfile.encoding=UTF-8 -Dsun.stdout.encoding=UTF-8 -Dsun.stderr.encoding=UTF-8 
java_command: com.intellij.rt.junit.JUnitStarter -ideVersion5 -junit5 com.supplychain.performance.PerformanceTest
java_class_path (initial): C:\Users\ELCOT\.m2\repository\org\junit\platform\junit-platform-launcher\1.10.2\junit-platform-launcher-1.10.2.jar;C:\Users\ELCOT\.m2\repository\org\junit\vintage\junit-vintage-engine\5.10.2\junit-vintage-engine-5.10.2.jar;C:\Program Files\JetBrains\IntelliJ IDEA 2025.3.1\lib\idea_rt.jar;C:\Program Files\JetBrains\IntelliJ IDEA 2025.3.1\plugins\junit\lib\junit6-rt.jar;C:\Program Files\JetBrains\IntelliJ IDEA 2025.3.1\plugins\junit\lib\junit5-rt.jar;C:\Program Files\JetBrains\IntelliJ IDEA 2025.3.1\plugins\junit\lib\junit-rt.jar;D:\block chain project\supplychain-backend\target\test-classes;D:\block chain project\supplychain-backend\target\classes;C:\Users\ELCOT\.m2\repository\org\springframework\boot\spring-boot-starter-web\3.2.5\spring-boot-starter-web-3.2.5.jar;C:\Users\ELCOT\.m2\repository\org\springframework\boot\spring-boot-starter\3.2.5\spring-boot-starter-3.2.5.jar;C:\Users\ELCOT\.m2\repository\org\springframework\boot\spring-boot-starter-logging\3.2.5\spring-boot-starter-logging-3.2.5.jar;C:\Users\ELCOT\.m2\repository\ch\qos\logback\logback-classic\1.4.14\logback-classic-1.4.14.jar;C:\Users\ELCOT\.m2\repository\ch\qos\logback\logback-core\1.4.14\logback-core-1.4.14.jar;C:\Users\ELCOT\.m2\repository\org\apache\logging\log4j\log4j-to-slf4j\2.21.1\log4j-to-slf4j-2.21.1.jar;C:\Users\ELCOT\.m2\repository\org\apache\logging\log4j\log4j-api\2.21.1\log4j-api-2.21.1.jar;C:\Users\ELCOT\.m2\repository\org\slf4j\jul-to-slf4j\2.0.13\jul-to-slf4j-2.0.13.jar;C:\Users\ELCOT\.m2\repository\jakarta\annotation\jakarta.annotation-api\2.1.1\jakarta.annotation-api-2.1.1.jar;C:\Users\ELCOT\.m2\repository\org\yaml\snakeyaml\2.2\snakeyaml-2.2.jar;C:\Users\ELCOT\.m2\repository\org\springframework\boot\spring-boot-starter-json\3.2.5\spring-boot-starter-json-3.2.5.jar;C:\Users\ELCOT\.m2\repository\com\fasterxml\jackson\datatype\jackson-datatype-jdk8\2.15.4\jackson-datatype-jdk8-2.15.4.jar;C:\Users\ELCOT\.m2\repository\com\fasterxml\jackson\datatype\jackson-datatype-jsr310\2.15.4\jackson-datatype-jsr310-2.15.4.jar;C:\Users\ELCOT\.m2\repository\com\fasterxml\jackson\module\jackson-module-parameter-names\2.15.4\jackson-module-parameter-names-2.15.4.jar;C:\Users\ELCOT\.m2\repository\org\springframework\boot\spring-boot-starter-tomcat\3.2.5\spring-boot-starter-tomcat-3.2.5.jar;C:\Users\ELCOT\.m2\repository\org\apache\tomcat\embed\tomcat-embed-core\10.1.20\tomcat-embed-core-10.1.20.jar;C:\Users\ELCOT\.m2\repository\org\apache\tomcat\embed\tomcat-embed-websocket\10.1.20\tomcat-embed-websocket-10.1.20.jar;C:\Users\ELCOT\.m2\repository\org\springframework\spring-web\6.1.6\spring-web-6.1.6.jar;C:\Users\ELCOT\.m2\repository\org\springframework\spring-beans\6.1.6\spring-beans-6.1.6.jar;C:\Users\ELCOT\.m2\repository\io\micrometer\micrometer-observation\1.12.5\micrometer-observation-1.12.5.jar;C:\Users\ELCOT\.m2\repository\io\micrometer\micrometer-commons\1.12.5\micrometer-commons-1.12.5.jar;C:\Users\ELCOT\.m2\repository\org\springframework\spring-webmvc\6.1.6\spring-webmvc-6.1.6.jar;C:\Users\ELCOT\.m2\repository\org\springframework\spring-aop\6.1.6\spring-aop-6.1.6.jar;C:\Users\ELCOT\.m2\repository\org\springframework\spring-context\6.1.6\spring-context-6.1.6.jar;C:\Users\ELCOT\.m2\repository\org\springframework\spring-expression\6.1.6\spring-expression-6.1.6.jar;C:\Users\ELCOT\.m2\repository\org\web3j\core\4.10.3\core-4.10.3.jar;C:\Users\ELCOT\.m2\repository\org\web3j\abi\4.10.3\abi-4.10.3.jar;C:\Users\ELCOT\.m2\repository\org\web3j\utils\4.10.3\utils-4.10.3.jar;C:\Users\ELCOT\.m2\repository\org\bouncycastle\bcprov-jdk18on\1.73\bcprov-jdk18on-1.73.jar;C:\Users\ELCOT\.m2\repository\org\web3j\crypto\4.10.3\crypto-4.10.3.jar;C:\Users\ELCOT\.m2\repository\org\web3j\rlp\4.10.3\rlp-4.10.3.jar;C:\Users\ELCOT\.m2\repository\org\web3j\tuples\4.10.3\tuples-4.10.3.jar;C:\Users\ELCOT\.m2\repository\com\github\jnr\jnr-unixsocket\0.38.17\jnr-unixsocket-0.38.17.jar;C:\Users\ELCOT\.m2\repository\com\github\jnr\jnr-ffi\2.2.11\jnr-ffi-2.2.11.jar;C:\Users\ELCOT\.m2\repository\com\github\jnr\jffi\1.3.9\jffi-1.3.9.jar;C:\Users\ELCOT\.m2\repository\com\github\jnr\jffi\1.3.9\jffi-1.3.9-native.jar;C:\Users\ELCOT\.m2\repository\org\ow2\asm\asm\9.2\asm-9.2.jar;C:\Users\ELCOT\.m2\repository\org\ow2\asm\asm-commons\9.2\asm-commons-9.2.jar;C:\Users\ELCOT\.m2\repository\org\ow2\asm\asm-analysis\9.2\asm-analysis-9.2.jar;C:\Users\ELCOT\.m2\repository\org\ow2\asm\asm-tree\9.2\asm-tree-9.2.jar;C:\Users\ELCOT\.m2\repository\org\ow2\asm\asm-util\9.2\asm-util-9.2.jar;C:\Users\ELCOT\.m2\repository\com\github\jnr\jnr-a64asm\1.0.0\jnr-a64asm-1.0.0.jar;C:\Users\ELCOT\.m2\repository\com\github\jnr\jnr-x86asm\1.0.2\jnr-x86asm-1.0.2.jar;C:\Users\ELCOT\.m2\repository\com\github\jnr\jnr-constants\0.10.3\jnr-constants-0.10.3.jar;C:\Users\ELCOT\.m2\repository\com\github\jnr\jnr-enxio\0.32.13\jnr-enxio-0.32.13.jar;C:\Users\ELCOT\.m2\repository\com\github\jnr\jnr-posix\3.1.15\jnr-posix-3.1.15.jar;C:\Users\ELCOT\.m2\repository\com\squareup\okhttp3\okhttp\4.12.0\okhttp-4.12.0.jar;C:\Users\ELCOT\.m2\repository\com\squareup\okio\okio\3.6.0\okio-3.6.0.jar;C:\Users\ELCOT\.m2\repository\com\squareup\okio\okio-jvm\3.6.0\okio-jvm-3.6.0.jar;C:\Users\ELCOT\.m2\repository\org\jetbrains\kotlin\kotlin-stdlib-common\1.9.23\kotlin-stdlib-common-1.9.23.jar;C:\Users\ELCOT\.m2\repository\org\jetbrains\kotlin\kotlin-stdlib-jdk8\1.9.23\kotlin-stdlib-jdk8-1.9.23.jar;C:\Users\ELCOT\.m2\repository\org\jetbrains\kotlin\kotlin-stdlib\1.9.23\kotlin-stdlib-1.9.23.jar;C:\Users\ELCOT\.m2\repository\org\jetbrains\kotlin\kotlin-stdlib-jdk7\1.9.23\kotlin-stdlib-jdk7-1.9.23.jar;C:\Users\ELCOT\.m2\repository\com\squareup\okhttp3\logging-interceptor\4.12.0\logging-interceptor-4.12.0.jar;C:\Users\ELCOT\.m2\repository\io\reactivex\rxjava2\rxjava\2.2.2\rxjava-2.2.2.jar;C:\Users\ELCOT\.m2\repository\org\reactivestreams\reactive-streams\1.0.4\reactive-streams-1.0.4.jar;C:\Users\ELCOT\.m2\repository\org\java-websocket\Java-WebSocket\1.5.3\Java-WebSocket-1.5.3.jar;C:\Users\ELCOT\.m2\repository\com\fasterxml\jackson\core\jackson-databind\2.15.4\jackson-databind-2.15.4.jar;C:\Users\ELCOT\.m2\repository\com\fasterxml\jackson\core\jackson-annotations\2.15.4\jackson-annotations-2.15.4.jar;C:\Users\ELCOT\.m2\repository\com\fasterxml\jackson\core\jackson-core\2.15.4\jackson-core-2.15.4.jar;C:\Users\ELCOT\.m2\repository\org\slf4j\slf4j-api\2.0.13\slf4j-api-2.0.13.jar;C:\Users\ELCOT\.m2\repository\io\github\adraffy\ens-normalize\0.1.2\ens-normalize-0.1.2.jar;C:\Users\ELCOT\.m2\repository\org\springframework\boot\spring-boot-starter-data-jpa\3.2.5\spring-boot-starter-data-jpa-3.2.5.jar;C:\Users\ELCOT\.m2\repository\org\springframework\boot\spring-boot-starter-aop\3.2.5\spring-boot-starter-aop-3.2.5.jar;C:\Users\ELCOT\.m2\repository\org\aspectj\aspectjweaver\1.9.22\aspectjweaver-1.9.22.jar;C:\Users\ELCOT\.m2\repository\org\springframework\boot\spring-boot-starter-jdbc\3.2.5\spring-boot-starter-jdbc-3.2.5.jar;C:\Users\ELCOT\.m2\repository\com\zaxxer\HikariCP\5.0.1\HikariCP-5.0.1.jar;C:\Users\ELCOT\.m2\repository\org\springframework\spring-jdbc\6.1.6\spring-jdbc-6.1.6.jar;C:\Users\ELCOT\.m2\repository\org\hibernate\orm\hibernate-core\6.4.4.Final\hibernate-core-6.4.4.Final.jar;C:\Users\ELCOT\.m2\repository\jakarta\persistence\jakarta.persistence-api\3.1.0\jakarta.persistence-api-3.1.0.jar;C:\Users\ELCOT\.m2\repository\jakarta\transaction\jakarta.transaction-api\2.0.1\jakarta.transaction-api-2.0.1.jar;C:\Users\ELCOT\.m2\repository\org\jboss\logging\jboss-logging\3.5.3.Final\jboss-logging-3.5.3.Final.jar;C:\Users\ELCOT\.m2\repository\org\hibernate\common\hibernate-commons-annotations\6.0.6.Final\hibernate-commons-annotations-6.0.6.Final.jar;C:\Users\ELCOT\.m2\repository\io\smallrye\jandex\3.1.2\jandex-3.1.2.jar;C:\Users\ELCOT\.m2\repository\com\fasterxml\classmate\1.6.0\classmate-1.6.0.jar;C:\Users\ELCOT\.m2\repository\net\bytebuddy\byte-buddy\1.14.13\byte-buddy-1.14.13.jar;C:\Users\ELCOT\.m2\repository\org\glassfish\jaxb\jaxb-runtime\4.0.5\jaxb-runtime-4.0.5.jar;C:\Users\ELCOT\.m2\repository\org\glassfish\jaxb\jaxb-core\4.0.5\jaxb-core-4.0.5.jar;C:\Users\ELCOT\.m2\repository\org\eclipse\angus\angus-activation\2.0.2\angus-activation-2.0.2.jar;C:\Users\ELCOT\.m2\repository\org\glassfish\jaxb\txw2\4.0.5\txw2-4.0.5.jar;C:\Users\ELCOT\.m2\repository\com\sun\istack\istack-commons-runtime\4.1.2\istack-commons-runtime-4.1.2.jar;C:\Users\ELCOT\.m2\repository\jakarta\inject\jakarta.inject-api\2.0.1\jakarta.inject-api-2.0.1.jar;C:\Users\ELCOT\.m2\repository\org\antlr\antlr4-runtime\4.13.0\antlr4-runtime-4.13.0.jar;C:\Users\ELCOT\.m2\repository\org\springframework\data\spring-data-jpa\3.2.5\spring-data-jpa-3.2.5.jar;C:\Users\ELCOT\.m2\repository\org\springframework\data\spring-data-commons\3.2.5\spring-data-commons-3.2.5.jar;C:\Users\ELCOT\.m2\repository\org\springframework\spring-orm\6.1.6\spring-orm-6.1.6.jar;C:\Users\ELCOT\.m2\repository\org\springframework\spring-tx\6.1.6\spring-tx-6.1.6.jar;C:\Users\ELCOT\.m2\repository\org\springframework\spring-aspects\6.1.6\spring-aspects-6.1.6.jar;C:\Users\ELCOT\.m2\repository\org\postgresql\postgresql\42.6.2\postgresql-42.6.2.jar;C:\Users\ELCOT\.m2\repository\org\checkerframework\checker-qual\3.31.0\checker-qual-3.31.0.jar;C:\Users\ELCOT\.m2\repository\com\h2database\h2\2.2.224\h2-2.2.224.jar;C:\Users\ELCOT\.m2\repository\org\springframework\boot\spring-boot-starter-validation\3.2.5\spring-boot-starter-validation-3.2.5.jar;C:\Users\ELCOT\.m2\repository\org\apache\tomcat\embed\tomcat-embed-el\10.1.20\tomcat-embed-el-10.1.20.jar;C:\Users\ELCOT\.m2\repository\org\hibernate\validator\hibernate-validator\8.0.1.Final\hibernate-validator-8.0.1.Final.jar;C:\Users\ELCOT\.m2\repository\jakarta\validation\jakarta.validation-api\3.0.2\jakarta.validation-api-3.0.2.jar;C:\Users\ELCOT\.m2\repository\org\springframework\boot\spring-boot-starter-test\3.2.5\spring-boot-starter-test-3.2.5.jar;C:\Users\ELCOT\.m2\repository\org\springframework\boot\spring-boot-test\3.2.5\spring-boot-test-3.2.5.jar;C:\Users\ELCOT\.m2\repository\com\jayway\jsonpath\json-path\2.9.0\json-path-2.9.0.jar;C:\Users\ELCOT\.m2\repository\jakarta\xml\bind\jakarta.xml.bind-api\4.0.2\jakarta.xml.bind-api-4.0.2.jar;C:\Users\ELCOT\.m2\repository\jakarta\activation\jakarta.activation-api\2.1.3\jakarta.activation-api-2.1.3.jar;C:\Users\ELCOT\.m2\repository\net\minidev\json-smart\2.5.1\json-smart-2.5.1.jar;C:\Users\ELCOT\.m2\repository\net\minidev\accessors-smart\2.5.1\accessors-smart-2.5.1.jar;C:\Users\ELCOT\.m2\repository\org\assertj\assertj-core\3.24.2\assertj-core-3.24.2.jar;C:\Users\ELCOT\.m2\repository\org\awaitility\awaitility\4.2.1\awaitility-4.2.1.jar;C:\Users\ELCOT\.m2\repository\org\hamcrest\hamcrest\2.2\hamcrest-2.2.jar;C:\Users\ELCOT\.m2\repository\org\junit\jupiter\junit-jupiter\5.10.2\junit-jupiter-5.10.2.jar;C:\Users\ELCOT\.m2\repository\org\junit\jupiter\junit-jupiter-params\5.10.2\junit-jupiter-params-5.10.2.jar;C:\Users\ELCOT\.m2\repository\org\junit\jupiter\junit-jupiter-engine\5.10.2\junit-jupiter-engine-5.10.2.jar;C:\Users\ELCOT\.m2\repository\org\junit\platform\junit-platform-engine\1.10.2\junit-platform-engine-1.10.2.jar;C:\Users\ELCOT\.m2\repository\org\mockito\mockito-core\5.7.0\mockito-core-5.7.0.jar;C:\Users\ELCOT\.m2\repository\net\bytebuddy\byte-buddy-agent\1.14.13\byte-buddy-agent-1.14.13.jar;C:\Users\ELCOT\.m2\repository\org\objenesis\objenesis\3.3\objenesis-3.3.jar;C:\Users\ELCOT\.m2\repository\org\mockito\mockito-junit-jupiter\5.7.0\mockito-junit-jupiter-5.7.0.jar;C:\Users\ELCOT\.m2\repository\org\skyscreamer\jsonassert\1.5.1\jsonassert-1.5.1.jar;C:\Users\ELCOT\.m2\repository\com\vaadin\external\google\android-json\0.0.20131108.vaadin1\android-json-0.0.20131108.vaadin1.jar;C:\Users\ELCOT\.m2\repository\org\springframework\spring-core\6.1.6\spring-core-6.1.6.jar;C:\Users\ELCOT\.m2\repository\org\springframework\spring-jcl\6.1.6\spring-jcl-6.1.6.jar;C:\Users\ELCOT\.m2\repository\org\xmlunit\xmlunit-core\2.9.1\xmlunit-core-2.9.1.jar;C:\Users\ELCOT\.m2\repository\junit\junit\4.13.2\junit-4.13.2.jar;C:\Users\ELCOT\.m2\repository\org\hamcrest\hamcrest-core\2.2\hamcrest-core-2.2.jar;C:\Users\ELCOT\.m2\repository\org\testng\testng\7.12.0\testng-7.12.0.jar;C:\Users\ELCOT\.m2\repository\org\jcommander\jcommander\1.83\jcommander-1.83.jar;C:\Users\ELCOT\.m2\repository\org\webjars\jquery\3.7.1\jquery-3.7.1.jar;C:\Users\ELCOT\.m2\repository\org\springframework\boot\spring-boot-test-autoconfigure\3.2.5\spring-boot-test-autoconfigure-3.2.5.jar;C:\Users\ELCOT\.m2\repository\org\springframework\boot\spring-boot\3.2.5\spring-boot-3.2.5.jar;C:\Users\ELCOT\.m2\repository\org\springframework\boot\spring-boot-autoconfigure\3.2.5\spring-boot-autoconfigure-3.2.5.jar;C:\Users\ELCOT\.m2\repository\org\springframework\spring-test\6.1.6\spring-test-6.1.6.jar;C:\Users\ELCOT\.m2\repository\org\junit\jupiter\junit-jupiter-api\5.10.2\junit-jupiter-api-5.10.2.jar;C:\Users\ELCOT\.m2\repository\org\opentest4j\opentest4j\1.3.0\opentest4j-1.3.0.jar;C:\Users\ELCOT\.m2\repository\org\junit\platform\junit-platform-commons\1.10.2\junit-platform-commons-1.10.2.jar;C:\Users\ELCOT\.m2\repository\org\apiguardian\apiguardian-api\1.1.2\apiguardian-api-1.1.2.jar;C:\Users\ELCOT\.m2\repository\org\jetbrains\annotations\13.0\annotations-13.0.jar
Launcher Type: SUN_STANDARD

[Global flags]
     intx CICompilerCount                          = 4                                         {product} {ergonomic}
     uint ConcGCThreads                            = 2                                         {product} {ergonomic}
     uint G1ConcRefinementThreads                  = 8                                         {product} {ergonomic}
   size_t G1HeapRegionSize                         = 1048576                                   {product} {ergonomic}
    uintx GCDrainStackTargetSize                   = 64                                        {product} {ergonomic}
   size_t InitialHeapSize                          = 121634816                                 {product} {ergonomic}
   size_t MarkStackSize                            = 4194304                                   {product} {ergonomic}
   size_t MaxHeapSize                              = 1935671296                                {product} {ergonomic}
   size_t MaxNewSize                               = 1160773632                                {product} {ergonomic}
   size_t MinHeapDeltaBytes                        = 1048576                                   {product} {ergonomic}
   size_t MinHeapSize                              = 8388608                                   {product} {ergonomic}
    uintx NonNMethodCodeHeapSize                   = 5839372                                {pd product} {ergonomic}
    uintx NonProfiledCodeHeapSize                  = 122909434                              {pd product} {ergonomic}
    uintx ProfiledCodeHeapSize                     = 122909434                              {pd product} {ergonomic}
    uintx ReservedCodeCacheSize                    = 251658240                              {pd product} {ergonomic}
     bool SegmentedCodeCache                       = true                                      {product} {ergonomic}
   size_t SoftMaxHeapSize                          = 1935671296                             {manageable} {ergonomic}
     bool UseCompressedOops                        = true                           {product lp64_product} {ergonomic}
     bool UseG1GC                                  = true                                      {product} {ergonomic}
     bool UseLargePagesIndividualAllocation        = false                                  {pd product} {ergonomic}

Logging:
Log output configuration:
 #0: stdout all=warning uptime,level,tags foldmultilines=false
 #1: stderr all=off uptime,level,tags foldmultilines=false

Release file:
IMPLEMENTOR="Microsoft" 
IMPLEMENTOR_VERSION="Microsoft-13106404" 
JAVA_RUNTIME_VERSION="21.0.10+7-LTS" 
JAVA_VERSION="21.0.10" 
JAVA_VERSION_DATE="2026-01-20" 
LIBC="default" 
MODULES="java.base java.compiler java.datatransfer java.xml java.prefs java.desktop java.instrument java.logging java.management java.security.sasl java.naming java.rmi java.management.rmi java.net.http java.scripting java.security.jgss java.transaction.xa java.sql java.sql.rowset java.xml.crypto java.se java.smartcardio jdk.accessibility jdk.internal.jvmstat jdk.attach jdk.charsets jdk.internal.opt jdk.zipfs jdk.compiler jdk.crypto.ec jdk.crypto.cryptoki jdk.crypto.mscapi jdk.dynalink jdk.internal.ed jdk.editpad jdk.hotspot.agent jdk.httpserver jdk.incubator.vector jdk.internal.le jdk.internal.vm.ci jdk.internal.vm.compiler jdk.internal.vm.compiler.management jdk.jartool jdk.javadoc jdk.jcmd jdk.management jdk.management.agent jdk.jconsole jdk.jdeps jdk.jdwp.agent jdk.jdi jdk.jfr jdk.jlink jdk.jpackage jdk.jshell jdk.jsobject jdk.jstatd jdk.localedata jdk.management.jfr jdk.naming.dns jdk.naming.rmi jdk.net jdk.nio.mapmode jdk.random jdk.sctp jdk.security.auth jdk.security.jgss jdk.unsupported jdk.unsupported.desktop jdk.xml.dom" 
OS_ARCH="x86_64" 
OS_NAME="Windows" 
SOURCE=".:git:e69b6ef7382e" 

Environment Variables:
PATH=C:\Program Files\Common Files\Oracle\Java\javapath;C:\windows\system32;C:\windows;C:\windows\System32\Wbem;C:\windows\System32\WindowsPowerShell\v1.0\;C:\windows\System32\OpenSSH\;C:\Program Files\dotnet\;C:\Program Files\nodejs\;C:\Users\ELCOT\AppData\Local\Microsoft\WindowsApps;C:\Program Files\JetBrains\IntelliJ IDEA 2025.3.1\bin;C:\Users\ELCOT\AppData\Roaming\npm;D:\project\Microsoft VS Code\bin
USERNAME=ELCOT
OS=Windows_NT
PROCESSOR_IDENTIFIER=AMD64 Family 23 Model 160 Stepping 0, AuthenticAMD
TMP=C:\Users\ELCOT\AppData\Local\Temp
TEMP=C:\Users\ELCOT\AppData\Local\Temp




Periodic native trim disabled

---------------  S Y S T E M  ---------------

OS:
 Windows 11 , 64 bit Build 26100 (10.0.26100.7623)
OS uptime: 2 days 4:06 hours
Hyper-V role detected

CPU: total 8 (initial active 8) (8 cores per cpu, 2 threads per core) family 23 model 160 stepping 0 microcode 0x8a0000a, cx8, cmov, fxsr, ht, mmx, 3dnowpref, sse, sse2, sse3, ssse3, sse4a, sse4.1, sse4.2, popcnt, lzcnt, tsc, tscinvbit, avx, avx2, aes, clmul, bmi1, bmi2, adx, sha, fma, vzeroupper, clflush, clflushopt, hv, rdtscp, rdpid, f16c
Processor Information for the first 8 processors :
  Max Mhz: 2401, Current Mhz: 2401, Mhz Limit: 2401

Memory: 4k page, system-wide physical 7379M (401M free)
TotalPageFile size 21378M (AvailPageFile size 1M)
current process WorkingSet (physical memory assigned to process): 281M, peak: 281M
current process commit charge ("private bytes"): 317M, peak: 318M

vm_info: OpenJDK 64-Bit Server VM (21.0.10+7-LTS) for windows-amd64 JRE (21.0.10+7-LTS), built on 2026-01-15T18:39:42Z by "MicrosoftCorporation" with MS VC++ 17.14 (VS2022)

END.
